<?xml version="1.0" encoding="UTF-8"?>
<testsuite xmlns:xsi="http://www.w3.org/2001/XMLSchema-instance" xsi:noNamespaceSchemaLocation="https://maven.apache.org/surefire/maven-surefire-plugin/xsd/surefire-test-report.xsd" version="3.0.2" name="com.nguyenquyen.mockproject_062026_group3.MockProjectM1ApiTests" time="7.879" tests="8" errors="0" skipped="0" failures="0" flakes="0">
  <properties>
[...]
</properties>
  <testcase name="testAssignResidentBedApi" classname="com.nguyenquyen.mockproject_062026_group3.MockProjectM1ApiTests" time="0.502">
    <system-out><![CDATA[07:52:19.385 [main] INFO org.springframework.test.context.support.AnnotationConfigContextLoaderUtils -- Could not detect default configuration classes for test class [com.nguyenquyen.mockproject_062026_group3.MockProjectM1ApiTests]: MockProjectM1ApiTests does not declare any static, non-private, non-final, nested classes annotated with @Configuration.
07:52:19.669 [main] INFO org.springframework.boot.test.context.SpringBootTestContextBootstrapper -- Found @SpringBootConfiguration com.nguyenquyen.mockproject_062026_group3.MockProject062026Group3Application for test class com.nguyenquyen.mockproject_062026_group3.MockProjectM1ApiTests

  .   ____          _            __ _ _
 /\\ / ___'_ __ _ _(_)_ __  __ _ \ \ \ \
( ( )\___ | '_ | '_| | '_ \/ _` | \ \ \ \
 \\/  ___)| |_)| | | | | || (_| |  ) ) ) )
  '  |____| .__|_| |_|_| |_\__, | / / / /
 =========|_|==============|___/=/_/_/_/

 :: Spring Boot ::               (v3.5.15)

2026-07-16T07:52:20.698+07:00  INFO 14344 --- [MockProject_062026_Group3] [           main] c.n.m.MockProjectM1ApiTests              : Starting MockProjectM1ApiTests using Java 21.0.10 with PID 14344 (started by USER in D:\6rd_semester\MockProject_062026_Nhom3)
2026-07-16T07:52:20.707+07:00  INFO 14344 --- [MockProject_062026_Group3] [           main] c.n.m.MockProjectM1ApiTests              : No active profile set, falling back to 1 default profile: "default"
2026-07-16T07:52:26.177+07:00  INFO 14344 --- [MockProject_062026_Group3] [           main] o.s.b.t.m.w.SpringBootMockServletContext : Initializing Spring TestDispatcherServlet ''
2026-07-16T07:52:26.177+07:00  INFO 14344 --- [MockProject_062026_Group3] [           main] o.s.t.web.servlet.TestDispatcherServlet  : Initializing Servlet ''
2026-07-16T07:52:26.181+07:00  INFO 14344 --- [MockProject_062026_Group3] [           main] o.s.t.web.servlet.TestDispatcherServlet  : Completed initialization in 0 ms
2026-07-16T07:52:26.241+07:00  INFO 14344 --- [MockProject_062026_Group3] [           main] c.n.m.MockProjectM1ApiTests              : Started MockProjectM1ApiTests in 6.397 seconds (process running for 8.051)
]]></system-out>
    <system-err><![CDATA[Mockito is currently self-attaching to enable the inline-mock-maker. This will no longer work in future releases of the JDK. Please add Mockito as an agent to your build as described in Mockito's documentation: https://javadoc.io/doc/org.mockito/mockito-core/latest/org.mockito/org/mockito/Mockito.html#0.3
WARNING: A Java agent has been loaded dynamically (C:\Users\USER\.m2\repository\net\bytebuddy\byte-buddy-agent\1.17.8\byte-buddy-agent-1.17.8.jar)
WARNING: If a serviceability tool is in use, please run with -XX:+EnableDynamicAgentLoading to hide this warning
WARNING: If a serviceability tool is not in use, please run with -Djdk.instrument.traceUsage for more information
WARNING: Dynamic loading of agents will be disallowed by default in a future release
]]></system-err>
  </testcase>
  <testcase name="testUpdateCareLevelNameApi" classname="com.nguyenquyen.mockproject_062026_group3.MockProjectM1ApiTests" time="0.018"/>
  <testcase name="testGetResidentSensitiveInfoApi_Masked" classname="com.nguyenquyen.mockproject_062026_group3.MockProjectM1ApiTests" time="0.025"/>
  <testcase name="testDeleteResidentApi_IsBlocked" classname="com.nguyenquyen.mockproject_062026_group3.MockProjectM1ApiTests" time="0.008"/>
  <testcase name="testCreateCareLevelRateApi" classname="com.nguyenquyen.mockproject_062026_group3.MockProjectM1ApiTests" time="0.052"/>
  <testcase name="testGetResidentsApi" classname="com.nguyenquyen.mockproject_062026_group3.MockProjectM1ApiTests" time="0.045"/>
  <testcase name="testGetResidentSensitiveInfoApi_Revealed" classname="com.nguyenquyen.mockproject_062026_group3.MockProjectM1ApiTests" time="0.008"/>
  <testcase name="testGetCareLevelsApi" classname="com.nguyenquyen.mockproject_062026_group3.MockProjectM1ApiTests" time="0.009"/>
</testsuite>